[debug] [2024-10-03T10:22:49.433Z] ----------------------------------------------------------------------
[debug] [2024-10-03T10:22:49.438Z] Command:       C:\Program Files\nodejs\node.exe C:\Users\HP\AppData\Roaming\npm\node_modules\firebase-tools\lib\bin\firebase.js init
[debug] [2024-10-03T10:22:49.439Z] CLI Version:   13.20.2
[debug] [2024-10-03T10:22:49.439Z] Platform:      win32
[debug] [2024-10-03T10:22:49.439Z] Node Version:  v22.5.1
[debug] [2024-10-03T10:22:49.440Z] Time:          Thu Oct 03 2024 15:52:49 GMT+0530 (India Standard Time)
[debug] [2024-10-03T10:22:49.440Z] ----------------------------------------------------------------------
[debug] 
[debug] [2024-10-03T10:22:49.457Z] > command requires scopes: ["email","openid","https://www.googleapis.com/auth/cloudplatformprojects.readonly","https://www.googleapis.com/auth/firebase","https://www.googleapis.com/auth/cloud-platform"]
[debug] [2024-10-03T10:22:49.458Z] > authorizing via signed-in user (vishnuarun25@gmail.com)
[info] 
     ######## #### ########  ######## ########     ###     ######  ########
     ##        ##  ##     ## ##       ##     ##  ##   ##  ##       ##
     ######    ##  ########  ######   ########  #########  ######  ######
     ##        ##  ##    ##  ##       ##     ## ##     ##       ## ##
     ##       #### ##     ## ######## ########  ##     ##  ######  ########

You're about to initialize a Firebase project in this directory:

  C:\Users\HP\OneDrive\Desktop\final_premium

[info] 
=== Project Setup
[info] 
[info] First, let's associate this project directory with a Firebase project.
[info] You can create multiple project aliases by running firebase use --add, 
[info] but for now we'll just set up a default project.
[info] 
[debug] [2024-10-03T10:23:00.791Z] Checked if tokens are valid: true, expires at: 1727952942041
[debug] [2024-10-03T10:23:00.791Z] Checked if tokens are valid: true, expires at: 1727952942041
[debug] [2024-10-03T10:23:00.794Z] >>> [apiv2][query] GET https://firebase.googleapis.com/v1beta1/projects pageSize=100
[debug] [2024-10-03T10:23:02.194Z] <<< [apiv2][status] GET https://firebase.googleapis.com/v1beta1/projects 200
[debug] [2024-10-03T10:23:02.194Z] <<< [apiv2][body] GET https://firebase.googleapis.com/v1beta1/projects [omitted]
[info] i  Using project insurance-app-51789 (insurance app) 
[info] 
=== Hosting Setup
[debug] [2024-10-03T10:23:12.420Z] Checked if tokens are valid: true, expires at: 1727952942041
[debug] [2024-10-03T10:23:12.420Z] Checked if tokens are valid: true, expires at: 1727952942041
[debug] [2024-10-03T10:23:12.420Z] >>> [apiv2][query] GET https://firebase.googleapis.com/v1beta1/projects/insurance-app-51789 [none]
[debug] [2024-10-03T10:23:13.090Z] <<< [apiv2][status] GET https://firebase.googleapis.com/v1beta1/projects/insurance-app-51789 200
[debug] [2024-10-03T10:23:13.090Z] <<< [apiv2][body] GET https://firebase.googleapis.com/v1beta1/projects/insurance-app-51789 {"projectId":"insurance-app-51789","projectNumber":"198178610065","displayName":"insurance app","name":"projects/insurance-app-51789","resources":{"hostingSite":"insurance-app-51789"},"state":"ACTIVE","etag":"1_a746f964-51f4-4c33-84ef-773475405d3c"}
[info] 
[info] Your public directory is the folder (relative to your project directory) that
[info] will contain Hosting assets to be uploaded with firebase deploy. If you
[info] have a build process for your assets, use your build's output directory.
[info] 
